[2020-02-14 17:32:15]  INFO (hydraulics_api.Main - main:12) - hydraulicsService api parsing start..
[2020-02-14 17:32:15]  INFO (hydraulics_api.GetArea - getArea:36) - firstLine start..
[2020-02-14 17:32:16]  INFO (hydraulics_api.GetArea - getArea:113) - mgtNo:::DG2005E013 resultCode:::03
[2020-02-14 17:32:18]  INFO (hydraulics_api.GetArea - getArea:113) - mgtNo:::DG2006B001 resultCode:::00
[2020-02-14 17:32:19]  INFO (hydraulics_api.GetArea - getArea:113) - mgtNo:::DG2006C001 resultCode:::03
[2020-02-14 17:32:20]  INFO (hydraulics_api.GetArea - getArea:113) - mgtNo:::DG2006D001 resultCode:::03
[2020-02-14 17:32:22]  INFO (hydraulics_api.GetArea - getArea:113) - mgtNo:::DG2006E009 resultCode:::00
[2020-02-14 17:32:23]  INFO (hydraulics_api.GetArea - getArea:113) - mgtNo:::DG2006E010 resultCode:::03
[2020-02-14 17:32:24]  INFO (hydraulics_api.GetArea - getArea:113) - mgtNo:::DG2006E012 resultCode:::00
[2020-02-14 17:32:25]  INFO (hydraulics_api.GetArea - getArea:113) - mgtNo:::DG2007B001 resultCode:::00
[2020-02-14 17:32:26]  INFO (hydraulics_api.GetArea - getArea:113) - mgtNo:::DG2007B002 resultCode:::00
[2020-02-14 17:32:27]  INFO (hydraulics_api.GetArea - getArea:113) - mgtNo:::DG2007B003 resultCode:::00
[2020-02-14 17:32:29]  INFO (hydraulics_api.GetArea - getArea:113) - mgtNo:::DG2007B004 resultCode:::00
[2020-02-14 17:32:30]  INFO (hydraulics_api.GetArea - getArea:113) - mgtNo:::DG2007C001 resultCode:::03
[2020-02-14 17:32:31]  INFO (hydraulics_api.GetArea - getArea:113) - mgtNo:::DG2007D001 resultCode:::03
[2020-02-14 17:32:32]  INFO (hydraulics_api.GetArea - getArea:113) - mgtNo:::DG2007D002 resultCode:::03
[2020-02-14 17:32:33]  INFO (hydraulics_api.GetArea - getArea:113) - mgtNo:::DG2007D003 resultCode:::03
[2020-02-14 17:32:34]  INFO (hydraulics_api.GetArea - getArea:113) - mgtNo:::DG2007D004 resultCode:::03
[2020-02-14 17:32:36]  INFO (hydraulics_api.GetArea - getArea:113) - mgtNo:::DG2007E001 resultCode:::03
[2020-02-14 17:32:37]  INFO (hydraulics_api.GetArea - getArea:113) - mgtNo:::DG2007E002 resultCode:::03
[2020-02-14 17:32:38]  INFO (hydraulics_api.GetArea - getArea:113) - mgtNo:::DG2007E003 resultCode:::03
[2020-02-14 17:32:39]  INFO (hydraulics_api.GetArea - getArea:113) - mgtNo:::DG2007E004 resultCode:::03
[2020-02-14 17:32:40]  INFO (hydraulics_api.GetArea - getArea:113) - mgtNo:::DG2007E005 resultCode:::00
[2020-02-14 17:32:41]  INFO (hydraulics_api.GetArea - getArea:113) - mgtNo:::DG2008A001 resultCode:::00
[2020-02-14 17:32:42]  INFO (hydraulics_api.GetArea - getArea:113) - mgtNo:::DG2008A002 resultCode:::00
[2020-02-14 17:32:44]  INFO (hydraulics_api.GetArea - getArea:113) - mgtNo:::DG2008A003 resultCode:::03
[2020-02-14 17:32:45]  INFO (hydraulics_api.GetArea - getArea:113) - mgtNo:::DG2008B001 resultCode:::00
[2020-02-14 17:32:46]  INFO (hydraulics_api.GetArea - getArea:113) - mgtNo:::DG2008B002 resultCode:::00
[2020-02-14 17:32:47]  INFO (hydraulics_api.GetArea - getArea:113) - mgtNo:::DG2008B003 resultCode:::00
[2020-02-14 17:32:48]  INFO (hydraulics_api.GetArea - getArea:113) - mgtNo:::DG2008B005 resultCode:::00
[2020-02-14 17:32:49]  INFO (hydraulics_api.GetArea - getArea:113) - mgtNo:::DG2008B006 resultCode:::00
[2020-02-14 17:32:51]  INFO (hydraulics_api.GetArea - getArea:113) - mgtNo:::DG2008B007 resultCode:::00
[2020-02-14 17:32:52]  INFO (hydraulics_api.GetArea - getArea:238) - parsing complete!
[2020-02-14 17:32:52]  INFO (hydraulics_api.GetArea - getArea:286) - sftp transfer complete!
[2020-02-14 17:32:52]  INFO (hydraulics_api.GetRiver - getRiver:36) - firstLine start..
[2020-02-14 17:32:52]  INFO (hydraulics_api.GetRiver - getRiver:113) - mgtNo:::DG2005E013 resultCode:::03
[2020-02-14 17:32:53]  INFO (hydraulics_api.GetRiver - getRiver:113) - mgtNo:::DG2006B001 resultCode:::03
[2020-02-14 17:32:54]  INFO (hydraulics_api.GetRiver - getRiver:113) - mgtNo:::DG2006C001 resultCode:::03
[2020-02-14 17:32:55]  INFO (hydraulics_api.GetRiver - getRiver:113) - mgtNo:::DG2006D001 resultCode:::03
[2020-02-14 17:32:56]  INFO (hydraulics_api.GetRiver - getRiver:113) - mgtNo:::DG2006E009 resultCode:::03
[2020-02-14 17:32:57]  INFO (hydraulics_api.GetRiver - getRiver:113) - mgtNo:::DG2006E010 resultCode:::03
[2020-02-14 17:32:58]  INFO (hydraulics_api.GetRiver - getRiver:113) - mgtNo:::DG2006E012 resultCode:::03
[2020-02-14 17:32:59]  INFO (hydraulics_api.GetRiver - getRiver:113) - mgtNo:::DG2007B001 resultCode:::03
[2020-02-14 17:33:01]  INFO (hydraulics_api.GetRiver - getRiver:113) - mgtNo:::DG2007B002 resultCode:::03
[2020-02-14 17:33:02]  INFO (hydraulics_api.GetRiver - getRiver:113) - mgtNo:::DG2007B003 resultCode:::03
[2020-02-14 17:33:03]  INFO (hydraulics_api.GetRiver - getRiver:113) - mgtNo:::DG2007B004 resultCode:::03
[2020-02-14 17:33:04]  INFO (hydraulics_api.GetRiver - getRiver:113) - mgtNo:::DG2007C001 resultCode:::03
[2020-02-14 17:33:05]  INFO (hydraulics_api.GetRiver - getRiver:113) - mgtNo:::DG2007D001 resultCode:::03
[2020-02-14 17:33:06]  INFO (hydraulics_api.GetRiver - getRiver:113) - mgtNo:::DG2007D002 resultCode:::03
[2020-02-14 17:33:07]  INFO (hydraulics_api.GetRiver - getRiver:113) - mgtNo:::DG2007D003 resultCode:::03
[2020-02-14 17:33:08]  INFO (hydraulics_api.GetRiver - getRiver:113) - mgtNo:::DG2007D004 resultCode:::03
[2020-02-14 17:33:09]  INFO (hydraulics_api.GetRiver - getRiver:113) - mgtNo:::DG2007E001 resultCode:::03
[2020-02-14 17:33:10]  INFO (hydraulics_api.GetRiver - getRiver:113) - mgtNo:::DG2007E002 resultCode:::03
[2020-02-14 17:33:11]  INFO (hydraulics_api.GetRiver - getRiver:113) - mgtNo:::DG2007E003 resultCode:::03
[2020-02-14 17:33:13]  INFO (hydraulics_api.GetRiver - getRiver:113) - mgtNo:::DG2007E004 resultCode:::03
[2020-02-14 17:33:14]  INFO (hydraulics_api.GetRiver - getRiver:113) - mgtNo:::DG2007E005 resultCode:::03
[2020-02-14 17:33:15]  INFO (hydraulics_api.GetRiver - getRiver:113) - mgtNo:::DG2008A001 resultCode:::03
[2020-02-14 17:33:16]  INFO (hydraulics_api.GetRiver - getRiver:113) - mgtNo:::DG2008A002 resultCode:::03
[2020-02-14 17:33:17]  INFO (hydraulics_api.GetRiver - getRiver:113) - mgtNo:::DG2008A003 resultCode:::03
[2020-02-14 17:33:18]  INFO (hydraulics_api.GetRiver - getRiver:113) - mgtNo:::DG2008B001 resultCode:::03
[2020-02-14 17:33:19]  INFO (hydraulics_api.GetRiver - getRiver:113) - mgtNo:::DG2008B002 resultCode:::03
[2020-02-14 17:33:20]  INFO (hydraulics_api.GetRiver - getRiver:113) - mgtNo:::DG2008B003 resultCode:::03
[2020-02-14 17:33:21]  INFO (hydraulics_api.GetRiver - getRiver:113) - mgtNo:::DG2008B005 resultCode:::03
[2020-02-14 17:33:22]  INFO (hydraulics_api.GetRiver - getRiver:113) - mgtNo:::DG2008B006 resultCode:::03
[2020-02-14 17:33:23]  INFO (hydraulics_api.GetRiver - getRiver:113) - mgtNo:::DG2008B007 resultCode:::03
[2020-02-14 17:33:24]  INFO (hydraulics_api.GetRiver - getRiver:237) - parsing complete!
[2020-02-14 17:33:24]  INFO (hydraulics_api.GetRiver - getRiver:285) - sftp transfer complete!
[2020-02-14 17:33:24]  INFO (hydraulics_api.Main - main:18) - hydraulicsyService api parsing start..
